proguard/seeds.txt
com.zero.www.R$anim: int translate_left
com.zero.www.R$anim: int translate_one
com.zero.www.R$anim: int translate_right
com.zero.www.R$anim: int zoom_out_enter
com.zero.www.R$anim: int zoom_out_exit
com.zero.www.R$color: int TextColor
com.zero.www.R$color: int about_normal
com.zero.www.R$color: int about_pressed
com.zero.www.R$color: int address_normal
com.zero.www.R$color: int address_pressed
com.zero.www.R$color: int bgColor
com.zero.www.R$color: int btn_normal
com.zero.www.R$color: int btn_preesed
com.zero.www.R$color: int checked
com.zero.www.R$color: int favrit_normal
com.zero.www.R$color: int favrit_pressed
com.zero.www.R$color: int info_normal
com.zero.www.R$color: int info_pressed
com.zero.www.R$color: int search_bgcolor
com.zero.www.R$color: int setting_normal
com.zero.www.R$color: int setting_pressed
com.zero.www.R$dimen: int activity_horizontal_margin
com.zero.www.R$dimen: int activity_vertical_margin
com.zero.www.R$drawable: int about_pressed
com.zero.www.R$drawable: int ad_1
com.zero.www.R$drawable: int ad_2
com.zero.www.R$drawable: int ad_3
com.zero.www.R$drawable: int ad_4
com.zero.www.R$drawable: int ad_5
com.zero.www.R$drawable: int add_to_shoppingcar_normal
com.zero.www.R$drawable: int add_to_shoppingcar_pressed
com.zero.www.R$drawable: int address_pressed
com.zero.www.R$drawable: int android_list_idex
com.zero.www.R$drawable: int android_my_order_button_selector
com.zero.www.R$drawable: int android_my_order_focus
com.zero.www.R$drawable: int android_my_order_item_bg
com.zero.www.R$drawable: int android_my_order_normal
com.zero.www.R$drawable: int android_search_button
com.zero.www.R$drawable: int android_search_button_focused
com.zero.www.R$drawable: int android_search_button_selector
com.zero.www.R$drawable: int android_search_icon
com.zero.www.R$drawable: int back
com.zero.www.R$drawable: int background_corners
com.zero.www.R$drawable: int background_corners_for_busy
com.zero.www.R$drawable: int background_corners_for_gridview
com.zero.www.R$drawable: int bar_home_normal
com.zero.www.R$drawable: int bar_home_selected
com.zero.www.R$drawable: int bar_more_normal
com.zero.www.R$drawable: int bar_more_selected
com.zero.www.R$drawable: int bar_search_normal
com.zero.www.R$drawable: int bar_search_selected
com.zero.www.R$drawable: int bar_shoppingcart_normal
com.zero.www.R$drawable: int bar_shoppingcart_selected
com.zero.www.R$drawable: int bar_tuijian_normal
com.zero.www.R$id: int Button01
com.zero.www.R$id: int aaaaaaa
com.zero.www.R$id: int actv_autoComplete
com.zero.www.R$id: int actv_delete
com.zero.www.R$id: int body_webview
com.zero.www.R$id: int btn_add_address_address_list
com.zero.www.R$id: int btn_add_shoppingcar
com.zero.www.R$id: int btn_add_to_shoppingcar
com.zero.www.R$id: int btn_all_select_my_favorite
com.zero.www.R$id: int btn_back_order_produce
com.zero.www.R$id: int btn_cancel_order_detail
com.zero.www.R$id: int btn_categry
com.zero.www.R$id: int btn_changepwd_userinfo
com.zero.www.R$id: int btn_collect_shopingcar
com.zero.www.R$id: int btn_complete_password_change
com.zero.www.R$id: int btn_confirm_password_find
com.zero.www.R$id: int btn_delete_address_edit_detail
com.zero.www.R$id: int btn_delete_my_favorite
com.zero.www.R$id: int btn_getvalidate
com.zero.www.R$id: int btn_home
com.zero.www.R$id: int btn_keep_address_edit_detail
com.zero.www.R$id: int btn_loading_html
com.zero.www.R$id: int btn_login
com.zero.www.R$id: int btn_more
com.zero.www.R$id: int btn_ok_address_edit_detail
com.zero.www.R$id: int btn_order_submit_order_produce
com.zero.www.R$id: int btn_pay_shoppingcar
com.zero.www.R$id: int btn_register
com.zero.www.R$id: int btn_return_my_favorite
com.zero.www.R$id: int btn_search
com.zero.www.R$id: int btn_search_food
com.zero.www.R$id: int btn_search_restaurant
com.zero.www.R$id: int btn_select_shoppingcar_all
com.zero.www.R$id: int btn_shake
com.zero.www.R$id: int btn_shopping
...
org.xmlpull.v1.XmlPullParser
org.xmlpull.v1.XmlPullParser: java.lang.String NO_NAMESPACE
org.xmlpull.v1.XmlPullParser: int START_DOCUMENT
org.xmlpull.v1.XmlPullParser: int END_DOCUMENT
org.xmlpull.v1.XmlPullParser: int START_TAG
org.xmlpull.v1.XmlPullParser: int END_TAG
org.xmlpull.v1.XmlPullParser: int TEXT
org.xmlpull.v1.XmlPullParser: int CDSECT
org.xmlpull.v1.XmlPullParser: int ENTITY_REF
org.xmlpull.v1.XmlPullParser: int IGNORABLE_WHITESPACE
org.xmlpull.v1.XmlPullParser: int PROCESSING_INSTRUCTION
org.xmlpull.v1.XmlPullParser: int COMMENT
org.xmlpull.v1.XmlPullParser: int DOCDECL
org.xmlpull.v1.XmlPullParser: java.lang.String[] TYPES
org.xmlpull.v1.XmlPullParser: java.lang.String FEATURE_PROCESS_NAMESPACES
org.xmlpull.v1.XmlPullParser: java.lang.String FEATURE_REPORT_NAMESPACE_ATTRIBUTES
org.xmlpull.v1.XmlPullParser: java.lang.String FEATURE_PROCESS_DOCDECL
org.xmlpull.v1.XmlPullParser: java.lang.String FEATURE_VALIDATION
org.xmlpull.v1.XmlPullParser: void setFeature(java.lang.String,boolean)
org.xmlpull.v1.XmlPullParser: boolean getFeature(java.lang.String)
org.xmlpull.v1.XmlPullParser: void setProperty(java.lang.String,java.lang.Object)
org.xmlpull.v1.XmlPullParser: java.lang.Object getProperty(java.lang.String)
org.xmlpull.v1.XmlPullParser: void setInput(java.io.Reader)
org.xmlpull.v1.XmlPullParser: void setInput(java.io.InputStream,java.lang.String)
org.xmlpull.v1.XmlPullParser: java.lang.String getInputEncoding()
org.xmlpull.v1.XmlPullParserException
org.xmlpull.v1.XmlPullParserException: java.lang.Throwable detail
org.xmlpull.v1.XmlPullParserException: int row
org.xmlpull.v1.XmlPullParserException: int column
org.xmlpull.v1.XmlPullParserException: XmlPullParserException(java.lang.String)
org.xmlpull.v1.XmlPullParserException: XmlPullParserException(java.lang.String,org.xmlpull.v1.XmlPullParser,java.lang.Throwable)
org.xmlpull.v1.XmlPullParserException: java.lang.Throwable getDetail()
org.xmlpull.v1.XmlPullParserException: int getLineNumber()
org.xmlpull.v1.XmlPullParserException: int getColumnNumber()
org.xmlpull.v1.XmlPullParserException: void printStackTrace()
org.xmlpull.v1.XmlPullParserFactory
org.xmlpull.v1.XmlPullParserFactory: java.lang.Class referenceContextClass
org.xmlpull.v1.XmlPullParserFactory: java.lang.String PROPERTY_NAME
org.xmlpull.v1.XmlPullParserFactory: java.lang.String RESOURCE_NAME
org.xmlpull.v1.XmlPullParserFactory: java.util.Vector parserClasses
org.xmlpull.v1.XmlPullParserFactory: java.lang.String classNamesLocation
org.xmlpull.v1.XmlPullParserFactory: java.util.Vector serializerClasses
org.xmlpull.v1.XmlPullParserFactory: java.util.Hashtable features
org.xmlpull.v1.XmlPullParserFactory: XmlPullParserFactory()
org.xmlpull.v1.XmlPullParserFactory: void setFeature(java.lang.String,boolean)
org.xmlpull.v1.XmlPullParserFactory: boolean getFeature(java.lang.String)
org.xmlpull.v1.XmlPullParserFactory: void setNamespaceAware(boolean)
org.xmlpull.v1.XmlPullParserFactory: boolean isNamespaceAware()
org.xmlpull.v1.XmlPullParserFactory: void setValidating(boolean)
org.xmlpull.v1.XmlPullParserFactory: boolean isValidating()
org.xmlpull.v1.XmlPullParserFactory: org.xmlpull.v1.XmlPullParser newPullParser()
org.xmlpull.v1.XmlPullParserFactory: org.xmlpull.v1.XmlSerializer newSerializer()
org.xmlpull.v1.XmlPullParserFactory: org.xmlpull.v1.XmlPullParserFactory newInstance()
org.xmlpull.v1.XmlPullParserFactory: org.xmlpull.v1.XmlPullParserFactory newInstance(java.lang.String,java.lang.Class)
org.xmlpull.v1.XmlPullParserFactory: void <clinit>()