proguard/mapping.txt
com.zero.activity.WellcomeActivity$5 -> com.zero.activity.if:
    com.zero.activity.WellcomeActivity this$0 -> a
    java.util.List val$PNames -> b
    java.util.List val$PValues -> c
    java.lang.String val$stuNum -> d
    void run() -> run
com.zero.bean.Address -> com.zero.a.a:
    int addressId -> a
    java.lang.String addressInfo -> b
    boolean isDefault -> c
    java.lang.String recipient -> d
    java.lang.String phoneNum -> e
    java.lang.String getRecipient() -> a
    void setRecipient(java.lang.String) -> a
    java.lang.String getPhoneNum() -> b
    void setPhoneNum(java.lang.String) -> b
    int getAddressId() -> c
    void setAddressId(int) -> a
    java.lang.String getAddressInfo() -> d
    void setAddressInfo(java.lang.String) -> c
    boolean isDefault() -> e
    void setDefault(boolean) -> a
com.zero.bean.Dish -> com.zero.a.b:
    int dishId -> a
    java.lang.String dishName -> b
    java.lang.String image -> c
    double price -> d
    java.lang.String restaurantName -> e
    java.lang.String isBusy -> f
    java.lang.String getIsBusy() -> a
    void setIsBusy(java.lang.String) -> a
    int getDishId() -> b
    void setDishId(int) -> a
    java.lang.String getDishName() -> c
    void setDishName(java.lang.String) -> b
    java.lang.String getImage() -> d
    void setImage(java.lang.String) -> c
    double getPrice() -> e
    void setPrice(double) -> a
    java.lang.String getRestaurantName() -> f
    void setRestaurantName(java.lang.String) -> d
com.zero.bean.Eatery -> com.zero.a.c:
    java.lang.String eateryName -> a
    java.lang.String eateryBusy -> b
    java.lang.String getEateryName() -> a
    void setEateryName(java.lang.String) -> a
    java.lang.String getEateryBusy() -> b
    void setEateryBusy(java.lang.String) -> b
com.zero.bean.FoodsFavorite -> com.zero.a.d:
    int FoodId -> a
    java.lang.String FoodName -> b
    java.lang.String RestaurantName -> c
    double price -> d
    java.lang.String FoodPicture -> e
    java.lang.String isBusy -> f
    java.lang.String getIsBusy() -> a
    void setIsBusy(java.lang.String) -> a
    int getFoodId() -> b
    void setFoodId(int) -> a
    java.lang.String getFoodName() -> c
    void setFoodName(java.lang.String) -> b
    java.lang.String getRestaurantName() -> d
    void setRestaurantName(java.lang.String) -> c
    double getPrice() -> e
    void setPrice(double) -> a
    java.lang.String getFoodPicture() -> f
    void setFoodPicture(java.lang.String) -> d
com.zero.bean.GoodsFavorite -> com.zero.a.e:
    int goods -> a
    java.lang.String goodsName -> b
    java.lang.String GoodsPictureUrl -> c
    double price -> d
    java.lang.String BrandName -> e
    java.lang.String GoodsStandard -> f
    int getGoods() -> a
    void setGoods(int) -> a
    java.lang.String getGoodsName() -> b
    void setGoodsName(java.lang.String) -> a
    java.lang.String getGoodsPictureUrl() -> c
    void setGoodsPictureUrl(java.lang.String) -> b
    double getPrice() -> d
    void setPrice(double) -> a
    void setBrandName(java.lang.String) -> c
    java.lang.String getGoodsStandard() -> e
    void setGoodsStandard(java.lang.String) -> d
com.zero.bean.GoodsInfo -> com.zero.a.f:
    int goodsId -> a
    java.lang.String goodsName -> b
    java.lang.String image -> c
    double price -> d
    java.lang.String goodsIntroduce -> e
    java.lang.String goodsStandard -> f
    int getGoodsId() -> a
    void setGoodsId(int) -> a
    java.lang.String getGoodsName() -> b
    void setGoodsName(java.lang.String) -> a
    java.lang.String getImage() -> c
    void setImage(java.lang.String) -> b
    double getPrice() -> d
    void setPrice(double) -> a
    java.lang.String getGoodsIntroduce() -> e
    void setGoodsIntroduce(java.lang.String) -> c
    java.lang.String getGoodsStandard() -> f
    void setGoodsStandard(java.lang.String) -> d